[02:15:16.087][info] [#0:/home/trdoan20/.config/coc/extensions/coc-lua-data/lua-language-server/main.lua:66]: Lua Lsp startup, root: 	/home/trdoan20/.config/coc/extensions/coc-lua-data/lua-language-server
[02:15:16.088][info] [#0:/home/trdoan20/.config/coc/extensions/coc-lua-data/lua-language-server/main.lua:67]: ROOT:	/home/trdoan20/.config/coc/extensions/coc-lua-data/lua-language-server
[02:15:16.088][info] [#0:/home/trdoan20/.config/coc/extensions/coc-lua-data/lua-language-server/main.lua:68]: LOGPATH:	/home/trdoan20/.config/coc/extensions/coc-lua-data/lua-language-server/log
[02:15:16.088][info] [#0:/home/trdoan20/.config/coc/extensions/coc-lua-data/lua-language-server/main.lua:69]: METAPATH:	/home/trdoan20/.config/coc/extensions/coc-lua-data/lua-language-server/meta
[02:15:16.088][info] [#0:/home/trdoan20/.config/coc/extensions/coc-lua-data/lua-language-server/main.lua:70]: VERSION:	3.7.0
[02:15:16.150][info] [#0:script/service/service.lua:144]: 
========= Medical Examination Report =========
    --------------- Memory ---------------
        Total: 2.140 MB
        # 00 : 2.140 MB
        # 01 : 0.000 MB
        # 02 : 0.000 MB
        # 03 : 0.000 MB
        # 04 : 0.000 MB
    --------------- Coroutine ---------------
        Total:     0
        Running:   0
        Suspended: 0
        Normal:    0
        Dead:      0
    --------------- Cache ---------------
        Total: 1
        Dead:  0
    ---------------  RPC  ---------------
        Holdon:   0
        Waiting:  0
==============================================
[02:15:16.161][info] [#0:script/client.lua:657]: Client init	{
  capabilities = {
    general = {
      markdown = {
        parser = "marked",
        version = "4.0.10"
      },
      positionEncodings = { "utf-16" },
      regularExpressions = {
        engine = "ECMAScript",
        version = "ES2020"
      },
      staleRequestSupport = {
        cancel = true,
        retryOnContentModified = { "textDocument/inlayHint", "textDocument/semanticTokens/full", "textDocument/semanticTokens/range", "textDocument/semanticTokens/full/delta" }
      }
    },
    textDocument = {
      callHierarchy = {
        dynamicRegistration = true
      },
      codeAction = {
        codeActionLiteralSupport = {
          codeActionKind = {
            valueSet = { "", "quickfix", "refactor", "refactor.extract", "refactor.inline", "refactor.rewrite", "source", "source.organizeImports" }
          }
        },
        dataSupport = true,
        disabledSupport = true,
        dynamicRegistration = true,
        honorsChangeAnnotations = false,
        isPreferredSupport = true,
        resolveSupport = {
          properties = { "edit" }
        }
      },
      codeLens = {
        dynamicRegistration = true
      },
      colorProvider = {
        dynamicRegistration = true
      },
      completion = {
        completionItem = {
          commitCharactersSupport = true,
          deprecatedSupport = true,
          documentationFormat = { "markdown", "plaintext" },
          insertReplaceSupport = true,
          insertTextModeSupport = {
            valueSet = { 1, 2 }
          },
          labelDetailsSupport = true,
          preselectSupport = true,
          resolveSupport = {
            properties = { "documentation", "detail", "additionalTextEdits" }
          },
          snippetSupport = true,
          tagSupport = {
            valueSet = { 1 }
          }
        },
        completionItemKind = {
          valueSet = { 1, 2, 3, 4, 5, 6, 7, 8, 9, 10, 11, 12, 13, 14, 15, 16, 17, 18, 19, 20, 21, 22, 23, 24, 25 }
        },
        completionList = {
          itemDefaults = { "commitCharacters", "editRange", "insertTextFormat", "insertTextMode" }
        },
        contextSupport = true,
        dynamicRegistration = true,
        insertTextMode = 2
      },
      declaration = {
        dynamicRegistration = true,
        linkSupport = true
      },
      definition = {
        dynamicRegistration = true,
        linkSupport = true
      },
      diagnostic = {
        dynamicRegistration = true,
        relatedDocumentSupport = true
      },
      documentHighlight = {
        dynamicRegistration = true
      },
      documentLink = {
        dynamicRegistration = true,
        tooltipSupport = true
      },
      documentSymbol = {
        dynamicRegistration = true,
        hierarchicalDocumentSymbolSupport = true,
        labelSupport = true,
        symbolKind = {
          valueSet = { 1, 2, 3, 4, 5, 6, 7, 8, 9, 10, 11, 12, 13, 14, 15, 16, 17, 18, 19, 20, 21, 22, 23, 24, 25, 26 }
        },
        tagSupport = {
          valueSet = { 1 }
        }
      },
      foldingRange = {
        dynamicRegistration = true,
        foldingRange = {
          collapsedText = false
        },
        foldingRangeKind = {
          valueSet = { "comment", "imports", "region" }
        },
        lineFoldingOnly = true,
        rangeLimit = 5000
      },
      formatting = {
        dynamicRegistration = true
      },
      hover = {
        contentFormat = { "markdown", "plaintext" },
        dynamicRegistration = true
      },
      implementation = {
        dynamicRegistration = true,
        linkSupport = true
      },
      inlayHint = {
        dynamicRegistration = true,
        resolveSupport = {
          properties = { "tooltip", "textEdits", "label.tooltip", "label.location", "label.command" }
        }
      },
      inlineValue = {
        dynamicRegistration = true
      },
      linkedEditingRange = {
        dynamicRegistration = true
      },
      onTypeFormatting = {
        dynamicRegistration = true
      },
      publishDiagnostics = {
        codeDescriptionSupport = true,
        dataSupport = true,
        relatedInformation = true,
        tagSupport = {
          valueSet = { 1, 2 }
        },
        versionSupport = true
      },
      rangeFormatting = {
        dynamicRegistration = true
      },
      references = {
        dynamicRegistration = true
      },
      rename = {
        dynamicRegistration = true,
        honorsChangeAnnotations = true,
        prepareSupport = true,
        prepareSupportDefaultBehavior = 1
      },
      selectionRange = {
        dynamicRegistration = true
      },
      semanticTokens = {
        augmentsSyntaxTokens = true,
        dynamicRegistration = true,
        formats = { "relative" },
        multilineTokenSupport = false,
        overlappingTokenSupport = false,
        requests = {
          full = {
            delta = true
          },
          range = true
        },
        serverCancelSupport = true,
        tokenModifiers = { "declaration", "definition", "readonly", "static", "deprecated", "abstract", "async", "modification", "documentation", "defaultLibrary" },
        tokenTypes = { "namespace", "type", "class", "enum", "interface", "struct", "typeParameter", "parameter", "variable", "property", "enumMember", "event", "function", "method", "macro", "keyword", "modifier", "comment", "string", "number", "regexp", "decorator", "operator" }
      },
      signatureHelp = {
        contextSupport = true,
        dynamicRegistration = true,
        signatureInformation = {
          activeParameterSupport = true,
          documentationFormat = { "markdown", "plaintext" },
          parameterInformation = {
            labelOffsetSupport = true
          }
        }
      },
      synchronization = {
        didSave = true,
        dynamicRegistration = true,
        willSave = true,
        willSaveWaitUntil = true
      },
      typeDefinition = {
        dynamicRegistration = true,
        linkSupport = true
      },
      typeHierarchy = {
        dynamicRegistration = true
      }
    },
    window = {
      showDocument = {
        support = true
      },
      showMessage = {
        messageActionItem = {
          additionalPropertiesSupport = true
        }
      },
      workDoneProgress = true
    },
    workspace = {
      applyEdit = true,
      codeLens = {
        refreshSupport = true
      },
      configuration = true,
      diagnostics = {
        refreshSupport = true
      },
      didChangeConfiguration = {
        dynamicRegistration = true
      },
      didChangeWatchedFiles = {
        dynamicRegistration = true,
        relativePatternSupport = true
      },
      executeCommand = {
        dynamicRegistration = true
      },
      fileOperations = {
        didCreate = true,
        didDelete = true,
        didRename = true,
        dynamicRegistration = true,
        willCreate = true,
        willDelete = true,
        willRename = true
      },
      inlayHint = {
        refreshSupport = true
      },
      inlineValue = {
        refreshSupport = true
      },
      semanticTokens = {
        refreshSupport = true
      },
      symbol = {
        dynamicRegistration = true,
        resolveSupport = {
          properties = { "location.range" }
        },
        symbolKind = {
          valueSet = { 1, 2, 3, 4, 5, 6, 7, 8, 9, 10, 11, 12, 13, 14, 15, 16, 17, 18, 19, 20, 21, 22, 23, 24, 25, 26 }
        },
        tagSupport = {
          valueSet = { 1 }
        }
      },
      workspaceEdit = {
        changeAnnotationSupport = {
          groupsOnLabel = false
        },
        documentChanges = true,
        failureHandling = "undo",
        normalizesLineEndings = true,
        resourceOperations = { "create", "rename", "delete" }
      },
      workspaceFolders = true
    }
  },
  clientInfo = {
    name = "coc.nvim",
    version = "0.0.82"
  },
  initializationOptions = {
    changeConfiguration = true
  },
  locale = "en_US",
  processId = 79991,
  rootPath = "/home/trdoan20/.config/nvim",
  rootUri = "file:///home/trdoan20/.config/nvim",
  trace = "off",
  workDoneToken = "bdeea644-c8de-4422-88d9-a53e37eaeaa7",
  workspaceFolders = { {
      name = "nvim",
      uri = "file:///home/trdoan20/.config/nvim"
    } }
}
[02:15:16.162][info] [#0:script/language.lua:137]: VSC language: en_US
[02:15:16.162][info] [#0:script/language.lua:138]: LS  language: en-us
[02:15:16.162][info] [#0:script/workspace/workspace.lua:38]: Workspace init root: 	file:///home/trdoan20/.config/nvim
[02:15:16.162][info] [#0:script/workspace/workspace.lua:42]: Log path: 	/home/trdoan20/.config/coc/extensions/coc-lua-data/lua-language-server/log/file_home_trdoan20_.config_nvim.log
[02:15:16.163][info] [#0:script/workspace/workspace.lua:48]: Workspace create: 	file:///home/trdoan20/.config/nvim
[02:15:16.371][info] [#0:script/provider/provider.lua:46]: Load config from client	file:///home/trdoan20/.config/nvim
[02:15:16.372][info] [#0:script/provider/provider.lua:47]: {
  Lua = {
    addonManager = {
      enable = true
    },
    codeLens = {
      enable = false
    },
    completion = {
      autoRequire = true,
      callSnippet = "Disable",
      displayContext = 0,
      enable = true,
      keywordSnippet = "Replace",
      postfix = "@",
      requireSeparator = ".",
      showParams = true,
      showWord = "Fallback",
      workspaceWord = true
    },
    diagnostics = {
      disable = {},
      disableScheme = { "git" },
      enable = true,
      globals = {},
      ignoredFiles = "Opened",
      libraryFiles = "Opened",
      unusedLocalExclude = {},
      workspaceDelay = 3000,
      workspaceEvent = "OnSave",
      workspaceRate = 100
    },
    doc = {
      packageName = {},
      privateName = {},
      protectedName = {}
    },
    format = {
      defaultConfig = {},
      enable = true
    },
    hint = {
      arrayIndex = "Auto",
      await = true,
      enable = false,
      paramName = "All",
      paramType = true,
      semicolon = "SameLine",
      setType = false
    },
    hover = {
      enable = true,
      enumsLimit = 5,
      expandAlias = true,
      previewFields = 50,
      viewNumber = true,
      viewString = true,
      viewStringMax = 1000
    },
    misc = {
      executablePath = "",
      parameters = {}
    },
    runtime = {
      fileEncoding = "utf8",
      meta = "${version} ${language} ${encoding}",
      nonstandardSymbol = {},
      path = { "?.lua", "?/init.lua" },
      pathStrict = false,
      plugin = "",
      pluginArgs = {},
      special = {},
      unicodeName = false,
      version = "Lua 5.4"
    },
    semantic = {
      annotation = true,
      enable = true,
      keyword = false,
      variable = true
    },
    signatureHelp = {
      enable = true
    },
    spell = {
      dict = {}
    },
    type = {
      castNumberToInteger = true,
      weakNilCheck = false,
      weakUnionCheck = false
    },
    window = {
      progressBar = true,
      statusBar = true
    },
    workspace = {
      checkThirdParty = true,
      ignoreDir = { ".vscode" },
      ignoreSubmodules = true,
      library = {},
      maxPreload = 5000,
      preloadFileSize = 500,
      useGitIgnore = true,
      userThirdParty = {}
    }
  }
}
[02:15:16.473][info] [#0:script/provider/completion.lua:43]: Enable completion.
[02:15:16.473][info] [#0:script/provider/provider.lua:61]: Load config from client	fallback
[02:15:16.474][info] [#0:script/provider/provider.lua:62]: {
  Lua = {
    addonManager = {
      enable = true
    },
    codeLens = {
      enable = false
    },
    completion = {
      autoRequire = true,
      callSnippet = "Disable",
      displayContext = 0,
      enable = true,
      keywordSnippet = "Replace",
      postfix = "@",
      requireSeparator = ".",
      showParams = true,
      showWord = "Fallback",
      workspaceWord = true
    },
    diagnostics = {
      disable = {},
      disableScheme = { "git" },
      enable = true,
      globals = {},
      ignoredFiles = "Opened",
      libraryFiles = "Opened",
      unusedLocalExclude = {},
      workspaceDelay = 3000,
      workspaceEvent = "OnSave",
      workspaceRate = 100
    },
    doc = {
      packageName = {},
      privateName = {},
      protectedName = {}
    },
    format = {
      defaultConfig = {},
      enable = true
    },
    hint = {
      arrayIndex = "Auto",
      await = true,
      enable = false,
      paramName = "All",
      paramType = true,
      semicolon = "SameLine",
      setType = false
    },
    hover = {
      enable = true,
      enumsLimit = 5,
      expandAlias = true,
      previewFields = 50,
      viewNumber = true,
      viewString = true,
      viewStringMax = 1000
    },
    misc = {
      executablePath = "",
      parameters = {}
    },
    runtime = {
      fileEncoding = "utf8",
      meta = "${version} ${language} ${encoding}",
      nonstandardSymbol = {},
      path = { "?.lua", "?/init.lua" },
      pathStrict = false,
      plugin = "",
      pluginArgs = {},
      special = {},
      unicodeName = false,
      version = "Lua 5.4"
    },
    semantic = {
      annotation = true,
      enable = true,
      keyword = false,
      variable = true
    },
    signatureHelp = {
      enable = true
    },
    spell = {
      dict = {}
    },
    type = {
      castNumberToInteger = true,
      weakNilCheck = false,
      weakUnionCheck = false
    },
    window = {
      progressBar = true,
      statusBar = true
    },
    workspace = {
      checkThirdParty = true,
      ignoreDir = { ".vscode" },
      ignoreSubmodules = true,
      library = {},
      maxPreload = 5000,
      preloadFileSize = 500,
      useGitIgnore = true,
      userThirdParty = {}
    }
  }
}
[02:15:16.676][info] [#0:script/library.lua:212]: Init builtin library at:	file:///home/trdoan20/.config/nvim
[02:15:16.725][info] [#0:script/plugin.lua:86]: plugin path:	/home/trdoan20/.config/nvim
[02:15:16.725][warn] [#0:script/plugin.lua:101]: plugin not found:	/home/trdoan20/.config/nvim
[02:15:16.725][info] [#0:script/library.lua:212]: Init builtin library at:	nil
[02:15:16.844][info] [#0:script/workspace/workspace.lua:324]: Preload start:	file:///home/trdoan20/.config/nvim
[02:15:16.851][info] [#0:script/workspace/workspace.lua:330]: Scan files at:	file:///home/trdoan20/.config/nvim
[02:15:16.865][info] [#0:script/workspace/workspace.lua:324]: Preload start:	<fallback>
[02:15:16.870][info] [#0:script/workspace/workspace.lua:353]: Scan library at:	file:///home/trdoan20/.config/coc/extensions/coc-lua-data/lua-language-server/meta/Lua%205.4%20en-us%20utf8/basic.lua
[02:15:16.870][info] [#0:script/workspace/workspace.lua:353]: Scan library at:	file:///home/trdoan20/.config/coc/extensions/coc-lua-data/lua-language-server/meta/Lua%205.4%20en-us%20utf8/debug.lua
[02:15:16.871][info] [#0:script/workspace/workspace.lua:353]: Scan library at:	file:///home/trdoan20/.config/coc/extensions/coc-lua-data/lua-language-server/meta/Lua%205.4%20en-us%20utf8/builtin.lua
[02:15:16.871][info] [#0:script/workspace/workspace.lua:353]: Scan library at:	file:///home/trdoan20/.config/coc/extensions/coc-lua-data/lua-language-server/meta/Lua%205.4%20en-us%20utf8/os.lua
[02:15:16.871][info] [#0:script/workspace/workspace.lua:353]: Scan library at:	file:///home/trdoan20/.config/coc/extensions/coc-lua-data/lua-language-server/meta/Lua%205.4%20en-us%20utf8/io.lua
[02:15:16.872][info] [#0:script/workspace/workspace.lua:353]: Scan library at:	file:///home/trdoan20/.config/coc/extensions/coc-lua-data/lua-language-server/meta/Lua%205.4%20en-us%20utf8/table.lua
[02:15:16.872][info] [#0:script/workspace/workspace.lua:353]: Scan library at:	file:///home/trdoan20/.config/coc/extensions/coc-lua-data/lua-language-server/meta/Lua%205.4%20en-us%20utf8/string.lua
[02:15:16.872][info] [#0:script/workspace/workspace.lua:353]: Scan library at:	file:///home/trdoan20/.config/coc/extensions/coc-lua-data/lua-language-server/meta/Lua%205.4%20en-us%20utf8/coroutine.lua
[02:15:16.872][info] [#0:script/workspace/workspace.lua:353]: Scan library at:	file:///home/trdoan20/.config/coc/extensions/coc-lua-data/lua-language-server/meta/Lua%205.4%20en-us%20utf8/package.lua
[02:15:16.873][info] [#0:script/workspace/workspace.lua:353]: Scan library at:	file:///home/trdoan20/.config/coc/extensions/coc-lua-data/lua-language-server/meta/Lua%205.4%20en-us%20utf8/math.lua
[02:15:16.874][info] [#0:script/workspace/workspace.lua:353]: Scan library at:	file:///home/trdoan20/.config/coc/extensions/coc-lua-data/lua-language-server/meta/Lua%205.4%20en-us%20utf8/utf8.lua
[02:15:16.875][info] [#0:script/workspace/workspace.lua:353]: Scan library at:	file:///home/trdoan20/.config/coc/extensions/coc-lua-data/lua-language-server/meta/Lua%205.4%20en-us%20utf8/basic.lua
[02:15:16.875][info] [#0:script/workspace/workspace.lua:353]: Scan library at:	file:///home/trdoan20/.config/coc/extensions/coc-lua-data/lua-language-server/meta/Lua%205.4%20en-us%20utf8/debug.lua
[02:15:16.875][info] [#0:script/workspace/workspace.lua:353]: Scan library at:	file:///home/trdoan20/.config/coc/extensions/coc-lua-data/lua-language-server/meta/Lua%205.4%20en-us%20utf8/builtin.lua
[02:15:16.875][info] [#0:script/workspace/workspace.lua:353]: Scan library at:	file:///home/trdoan20/.config/coc/extensions/coc-lua-data/lua-language-server/meta/Lua%205.4%20en-us%20utf8/os.lua
[02:15:16.875][info] [#0:script/workspace/workspace.lua:353]: Scan library at:	file:///home/trdoan20/.config/coc/extensions/coc-lua-data/lua-language-server/meta/Lua%205.4%20en-us%20utf8/io.lua
[02:15:16.875][info] [#0:script/workspace/workspace.lua:353]: Scan library at:	file:///home/trdoan20/.config/coc/extensions/coc-lua-data/lua-language-server/meta/Lua%205.4%20en-us%20utf8/table.lua
[02:15:16.876][info] [#0:script/workspace/workspace.lua:353]: Scan library at:	file:///home/trdoan20/.config/coc/extensions/coc-lua-data/lua-language-server/meta/Lua%205.4%20en-us%20utf8/string.lua
[02:15:16.876][info] [#0:script/workspace/workspace.lua:353]: Scan library at:	file:///home/trdoan20/.config/coc/extensions/coc-lua-data/lua-language-server/meta/Lua%205.4%20en-us%20utf8/coroutine.lua
[02:15:16.876][info] [#0:script/workspace/workspace.lua:353]: Scan library at:	file:///home/trdoan20/.config/coc/extensions/coc-lua-data/lua-language-server/meta/Lua%205.4%20en-us%20utf8/package.lua
[02:15:16.876][info] [#0:script/workspace/workspace.lua:353]: Scan library at:	file:///home/trdoan20/.config/coc/extensions/coc-lua-data/lua-language-server/meta/Lua%205.4%20en-us%20utf8/math.lua
[02:15:16.876][info] [#0:script/workspace/workspace.lua:353]: Scan library at:	file:///home/trdoan20/.config/coc/extensions/coc-lua-data/lua-language-server/meta/Lua%205.4%20en-us%20utf8/utf8.lua
[02:15:16.976][info] [#0:script/workspace/workspace.lua:379]: Found 11 files at:	<fallback>
[02:15:16.976][info] [#0:script/workspace/loading.lua:161]: Load files from disk:	<fallback>
[02:15:16.977][info] [#0:script/workspace/workspace.lua:379]: Found 27 files at:	file:///home/trdoan20/.config/nvim
[02:15:16.977][info] [#0:script/workspace/loading.lua:161]: Load files from disk:	file:///home/trdoan20/.config/nvim
[02:15:16.977][info] [#0:script/workspace/loading.lua:89]: Skip loaded file: file:///home/trdoan20/.config/nvim/lua/plugins/configs/null-ls.lua
[02:15:17.078][info] [#0:script/workspace/loading.lua:101]: Preload file at: file:///home/trdoan20/.config/coc/extensions/coc-lua-data/lua-language-server/meta/Lua%205.4%20en-us%20utf8/utf8.lua , size = 2.386 KB
[02:15:17.085][info] [#0:script/workspace/loading.lua:113]: ++++As library of:	file:///home/trdoan20/.config/coc/extensions/coc-lua-data/lua-language-server/meta/Lua%205.4%20en-us%20utf8/utf8.lua
[02:15:17.085][info] [#0:script/workspace/loading.lua:101]: Preload file at: file:///home/trdoan20/.config/coc/extensions/coc-lua-data/lua-language-server/meta/Lua%205.4%20en-us%20utf8/math.lua , size = 8.509 KB
[02:15:17.102][info] [#0:script/workspace/loading.lua:113]: ++++As library of:	file:///home/trdoan20/.config/coc/extensions/coc-lua-data/lua-language-server/meta/Lua%205.4%20en-us%20utf8/math.lua
[02:15:17.102][info] [#0:script/workspace/loading.lua:98]: Skip loaded file: file:///home/trdoan20/.config/coc/extensions/coc-lua-data/lua-language-server/meta/Lua%205.4%20en-us%20utf8/math.lua
[02:15:17.102][info] [#0:script/workspace/loading.lua:101]: Preload file at: file:///home/trdoan20/.config/coc/extensions/coc-lua-data/lua-language-server/meta/Lua%205.4%20en-us%20utf8/package.lua , size = 2.944 KB
[02:15:17.105][info] [#0:script/workspace/loading.lua:113]: ++++As library of:	file:///home/trdoan20/.config/coc/extensions/coc-lua-data/lua-language-server/meta/Lua%205.4%20en-us%20utf8/package.lua
[02:15:17.105][info] [#0:script/workspace/loading.lua:98]: Skip loaded file: file:///home/trdoan20/.config/coc/extensions/coc-lua-data/lua-language-server/meta/Lua%205.4%20en-us%20utf8/package.lua
[02:15:17.105][info] [#0:script/workspace/loading.lua:101]: Preload file at: file:///home/trdoan20/.config/coc/extensions/coc-lua-data/lua-language-server/meta/Lua%205.4%20en-us%20utf8/coroutine.lua , size = 2.590 KB
[02:15:17.108][info] [#0:script/workspace/loading.lua:113]: ++++As library of:	file:///home/trdoan20/.config/coc/extensions/coc-lua-data/lua-language-server/meta/Lua%205.4%20en-us%20utf8/coroutine.lua
[02:15:17.108][info] [#0:script/workspace/loading.lua:98]: Skip loaded file: file:///home/trdoan20/.config/coc/extensions/coc-lua-data/lua-language-server/meta/Lua%205.4%20en-us%20utf8/coroutine.lua
[02:15:17.108][info] [#0:script/workspace/loading.lua:101]: Preload file at: file:///home/trdoan20/.config/coc/extensions/coc-lua-data/lua-language-server/meta/Lua%205.4%20en-us%20utf8/string.lua , size = 6.341 KB
[02:15:17.116][info] [#0:script/workspace/loading.lua:113]: ++++As library of:	file:///home/trdoan20/.config/coc/extensions/coc-lua-data/lua-language-server/meta/Lua%205.4%20en-us%20utf8/string.lua
[02:15:17.116][info] [#0:script/workspace/loading.lua:98]: Skip loaded file: file:///home/trdoan20/.config/coc/extensions/coc-lua-data/lua-language-server/meta/Lua%205.4%20en-us%20utf8/string.lua
[02:15:17.116][info] [#0:script/workspace/loading.lua:101]: Preload file at: file:///home/trdoan20/.config/coc/extensions/coc-lua-data/lua-language-server/meta/Lua%205.4%20en-us%20utf8/table.lua , size = 4.230 KB
[02:15:17.121][info] [#0:script/workspace/loading.lua:113]: ++++As library of:	file:///home/trdoan20/.config/coc/extensions/coc-lua-data/lua-language-server/meta/Lua%205.4%20en-us%20utf8/table.lua
[02:15:17.121][info] [#0:script/workspace/loading.lua:98]: Skip loaded file: file:///home/trdoan20/.config/coc/extensions/coc-lua-data/lua-language-server/meta/Lua%205.4%20en-us%20utf8/table.lua
[02:15:17.121][info] [#0:script/workspace/loading.lua:98]: Skip loaded file: file:///home/trdoan20/.config/coc/extensions/coc-lua-data/lua-language-server/meta/Lua%205.4%20en-us%20utf8/utf8.lua
[02:15:17.122][info] [#0:script/workspace/loading.lua:101]: Preload file at: file:///home/trdoan20/.config/coc/extensions/coc-lua-data/lua-language-server/meta/Lua%205.4%20en-us%20utf8/io.lua , size = 6.364 KB
[02:15:17.132][info] [#0:script/workspace/loading.lua:113]: ++++As library of:	file:///home/trdoan20/.config/coc/extensions/coc-lua-data/lua-language-server/meta/Lua%205.4%20en-us%20utf8/io.lua
[02:15:17.133][info] [#0:script/workspace/loading.lua:98]: Skip loaded file: file:///home/trdoan20/.config/coc/extensions/coc-lua-data/lua-language-server/meta/Lua%205.4%20en-us%20utf8/io.lua
[02:15:17.133][info] [#0:script/workspace/loading.lua:101]: Preload file at: file:///home/trdoan20/.config/coc/extensions/coc-lua-data/lua-language-server/meta/Lua%205.4%20en-us%20utf8/os.lua , size = 5.600 KB
[02:15:17.138][info] [#0:script/workspace/loading.lua:113]: ++++As library of:	file:///home/trdoan20/.config/coc/extensions/coc-lua-data/lua-language-server/meta/Lua%205.4%20en-us%20utf8/os.lua
[02:15:17.138][info] [#0:script/workspace/loading.lua:98]: Skip loaded file: file:///home/trdoan20/.config/coc/extensions/coc-lua-data/lua-language-server/meta/Lua%205.4%20en-us%20utf8/os.lua
[02:15:17.138][info] [#0:script/workspace/loading.lua:101]: Preload file at: file:///home/trdoan20/.config/coc/extensions/coc-lua-data/lua-language-server/meta/Lua%205.4%20en-us%20utf8/builtin.lua , size = 0.302 KB
[02:15:17.139][info] [#0:script/workspace/loading.lua:113]: ++++As library of:	file:///home/trdoan20/.config/coc/extensions/coc-lua-data/lua-language-server/meta/Lua%205.4%20en-us%20utf8/builtin.lua
[02:15:17.139][info] [#0:script/workspace/loading.lua:98]: Skip loaded file: file:///home/trdoan20/.config/coc/extensions/coc-lua-data/lua-language-server/meta/Lua%205.4%20en-us%20utf8/builtin.lua
[02:15:17.139][info] [#0:script/workspace/loading.lua:101]: Preload file at: file:///home/trdoan20/.config/coc/extensions/coc-lua-data/lua-language-server/meta/Lua%205.4%20en-us%20utf8/debug.lua , size = 7.637 KB
[02:15:17.148][info] [#0:script/workspace/loading.lua:113]: ++++As library of:	file:///home/trdoan20/.config/coc/extensions/coc-lua-data/lua-language-server/meta/Lua%205.4%20en-us%20utf8/debug.lua
[02:15:17.148][info] [#0:script/workspace/loading.lua:98]: Skip loaded file: file:///home/trdoan20/.config/coc/extensions/coc-lua-data/lua-language-server/meta/Lua%205.4%20en-us%20utf8/debug.lua
[02:15:17.148][info] [#0:script/workspace/loading.lua:101]: Preload file at: file:///home/trdoan20/.config/coc/extensions/coc-lua-data/lua-language-server/meta/Lua%205.4%20en-us%20utf8/basic.lua , size = 15.336 KB
[02:15:17.167][info] [#0:script/workspace/loading.lua:113]: ++++As library of:	file:///home/trdoan20/.config/coc/extensions/coc-lua-data/lua-language-server/meta/Lua%205.4%20en-us%20utf8/basic.lua
[02:15:17.167][info] [#0:script/workspace/loading.lua:98]: Skip loaded file: file:///home/trdoan20/.config/coc/extensions/coc-lua-data/lua-language-server/meta/Lua%205.4%20en-us%20utf8/basic.lua
[02:15:17.167][info] [#0:script/workspace/loading.lua:101]: Preload file at: file:///home/trdoan20/.config/nvim/lua/plugins/init.lua , size = 10.224 KB
[02:15:17.175][info] [#0:script/workspace/loading.lua:101]: Preload file at: file:///home/trdoan20/.config/nvim/lua/plugins/configs/mason.lua , size = 0.581 KB
[02:15:17.176][info] [#0:script/workspace/loading.lua:101]: Preload file at: file:///home/trdoan20/.config/nvim/lua/plugins/configs/cmp.lua , size = 3.068 KB
[02:15:17.180][info] [#0:script/workspace/loading.lua:101]: Preload file at: file:///home/trdoan20/.config/nvim/lua/plugins/configs/treesitter.lua , size = 0.165 KB
[02:15:17.180][info] [#0:script/workspace/loading.lua:101]: Preload file at: file:///home/trdoan20/.config/nvim/lua/plugins/configs/lazy_nvim.lua , size = 0.822 KB
[02:15:17.181][info] [#0:script/workspace/loading.lua:101]: Preload file at: file:///home/trdoan20/.config/nvim/lua/plugins/configs/telescope.lua , size = 1.795 KB
[02:15:17.183][info] [#0:script/workspace/loading.lua:101]: Preload file at: file:///home/trdoan20/.config/nvim/lua/plugins/configs/nvimtree.lua , size = 1.479 KB
[02:15:17.184][info] [#0:script/workspace/loading.lua:101]: Preload file at: file:///home/trdoan20/.config/nvim/lua/plugins/configs/lspconfig.lua , size = 1.903 KB
[02:15:17.185][info] [#0:script/workspace/loading.lua:101]: Preload file at: file:///home/trdoan20/.config/nvim/lua/plugins/configs/others.lua , size = 1.620 KB
[02:15:17.187][info] [#0:script/workspace/loading.lua:101]: Preload file at: file:///home/trdoan20/.config/nvim/lua/core/bootstrap.lua , size = 1.805 KB
[02:15:17.190][info] [#0:script/workspace/loading.lua:101]: Preload file at: file:///home/trdoan20/.config/nvim/lua/core/init.lua , size = 3.459 KB
[02:15:17.193][info] [#0:script/workspace/loading.lua:101]: Preload file at: file:///home/trdoan20/.config/nvim/lua/core/utils.lua , size = 3.455 KB
[02:15:17.198][info] [#0:script/workspace/loading.lua:101]: Preload file at: file:///home/trdoan20/.config/nvim/lua/core/default_config.lua , size = 3.102 KB
[02:15:17.200][info] [#0:script/workspace/loading.lua:101]: Preload file at: file:///home/trdoan20/.config/nvim/init.lua , size = 0.500 KB
[02:15:17.207][info] [#0:script/workspace/loading.lua:101]: Preload file at: file:///home/trdoan20/.config/nvim/lua/core/mappings.lua , size = 10.357 KB
[02:15:17.217][info] [#0:script/workspace/loading.lua:173]: Loaded files takes [0.145] sec: <fallback>
[02:15:17.217][info] [#0:script/workspace/loading.lua:182]: Compile files takes [0.000] sec: <fallback>
[02:15:17.217][info] [#0:script/workspace/loading.lua:183]: Loaded finish:	<fallback>
[02:15:17.217][info] [#0:script/workspace/workspace.lua:381]: Preload finish at:	<fallback>
[02:15:17.240][info] [#0:script/workspace/loading.lua:173]: Loaded files takes [0.155] sec: file:///home/trdoan20/.config/nvim
[02:15:17.240][info] [#0:script/workspace/loading.lua:182]: Compile files takes [0.000] sec: file:///home/trdoan20/.config/nvim
[02:15:17.240][info] [#0:script/workspace/loading.lua:183]: Loaded finish:	file:///home/trdoan20/.config/nvim
[02:15:17.240][info] [#0:script/workspace/workspace.lua:381]: Preload finish at:	file:///home/trdoan20/.config/nvim
[02:15:17.248][warn] [#0:script/proto/proto.lua:138]: Response of [workspace/diagnostic/refresh] error [-32601]: Unhandled method workspace/diagnostic/refresh
[02:15:17.248][info] [#0:script/provider/diagnostic.lua:557]: Diagnostics scope [file:///home/trdoan20/.config/nvim], files count:[27]
[02:15:17.249][warn] [#0:script/proto/proto.lua:138]: Response of [workspace/diagnostic/refresh] error [-32601]: Unhandled method workspace/diagnostic/refresh
[02:15:17.509][info] [#0:script/provider/diagnostic.lua:574]: Diagnostics scope [file:///home/trdoan20/.config/nvim] finished, takes [0.255] sec.
[02:16:01.267][info] [#0:script/provider/diagnostic.lua:557]: Diagnostics scope [file:///home/trdoan20/.config/nvim], files count:[27]
[02:16:01.585][info] [#0:script/provider/diagnostic.lua:574]: Diagnostics scope [file:///home/trdoan20/.config/nvim] finished, takes [0.311] sec.
[02:19:19.291][info] [#0:script/provider/diagnostic.lua:557]: Diagnostics scope [file:///home/trdoan20/.config/nvim], files count:[27]
[02:19:19.729][info] [#0:script/provider/diagnostic.lua:574]: Diagnostics scope [file:///home/trdoan20/.config/nvim] finished, takes [0.416] sec.
